  main.cpp
C:\mirea\c_plus_plus\click_game\click_game\main.cpp(52,54): warning C4244: аргумент: преобразование "T" в "float", возможна потеря данных
          with
          [
              T=unsigned int
          ]
C:\mirea\c_plus_plus\click_game\click_game\main.cpp(56,120): warning C4244: аргумент: преобразование "T" в "float", возможна потеря данных
          with
          [
              T=unsigned int
          ]
C:\mirea\c_plus_plus\click_game\click_game\main.cpp(60,48): warning C4244: аргумент: преобразование "T" в "float", возможна потеря данных
          with
          [
              T=unsigned int
          ]
C:\mirea\c_plus_plus\click_game\click_game\main.cpp(86,42): warning C4244: аргумент: преобразование "T" в "float", возможна потеря данных
          with
          [
              T=unsigned int
          ]
C:\mirea\c_plus_plus\click_game\click_game\main.cpp(93,71): warning C4244: аргумент: преобразование "int" в "float", возможна потеря данных
C:\mirea\c_plus_plus\click_game\click_game\main.cpp(93,42): warning C4244: аргумент: преобразование "T" в "float", возможна потеря данных
          with
          [
              T=unsigned int
          ]
C:\mirea\c_plus_plus\click_game\click_game\main.cpp(174,50): warning C4244: аргумент: преобразование "T" в "float", возможна потеря данных
          with
          [
              T=unsigned int
          ]
C:\mirea\c_plus_plus\click_game\click_game\main.cpp(189,79): warning C4244: аргумент: преобразование "int" в "float", возможна потеря данных
C:\mirea\c_plus_plus\click_game\click_game\main.cpp(189,50): warning C4244: аргумент: преобразование "T" в "float", возможна потеря данных
          with
          [
              T=unsigned int
          ]
  click_game.vcxproj -> C:\mirea\c_plus_plus\click_game\Debug\click_game.exe
